<?xml version="1.0" encoding="UTF-8"?>
<testsuite xmlns:xsi="http://www.w3.org/2001/XMLSchema-instance" xsi:noNamespaceSchemaLocation="https://maven.apache.org/surefire/maven-failsafe-plugin/xsd/failsafe-test-report-3.0.xsd" version="3.0" name="com.everis.base.baseTest" time="6.255" tests="2" errors="2" skipped="0" failures="0">
  <properties>
[...]
</properties>
  <testcase name="Consulta exitosa de juegos seleccionados por plataforma y categoria" classname="Consulta de juegos por plataforma y categoria" time="3.599">
    <error type="java.lang.NullPointerException"><![CDATA[java.lang.NullPointerException
]]></error>
    <system-out><![CDATA[&amp#27;[32m-------------------------------------------------------------------------------------|
-------------------------------------------------------------------------------------|
 ._______  __       ___ ._______  ______      __     ______       
 |   ____| \  \    /  / |  ____|  |   _  \   |  |   /  ___|     
 |  |____   \  \  /  /  | |____   |  |_)  |  |  |  |   /          
 |  |____|   \  \/  /   |  ___|   |     /    |  |   \  \_         
 |  |____     \ \  /    | |____   |  |\ \__  |  |  __)   |       
 |_______|     \__/     |_______| |__| \___| |__| |_____/         
                                                                       
-------------------------------------------------------------------------------------|
-------------------------------------------------------------------------------------|
&amp#27;[32m
Feature from file:///C:/Users/mpardmay/Downloads/ApiTesting/src/test/resources/features/ServicioPrueba.feature
18:03:57.639 [main] &amp#27;[34mINFO &amp#27;[0;39m  - 

-------------------------------------------------------------------------------------
     _______. _______ .______       _______ .__   __.  __  .___________.____    ____ 
    /       ||   ____||   _  \     |   ____||  \ |  | |  | |           |\   \  /   / 
   |   (----`|  |__   |  |_)  |    |  |__   |   \|  | |  | `---|  |----` \   \/   /  
    \   \    |   __|  |      /     |   __|  |  . `  | |  |     |  |       \_    _/   
.----)   |   |  |____ |  |\  \----.|  |____ |  |\   | |  |     |  |         |  |     
|_______/    |_______|| _| `._____||_______||__| \__| |__|     |__|         |__|    
                                                                                     
 News and tutorials at http://www.serenity-bdd.info                                  
 Documentation at https://wakaleo.gitbooks.io/the-serenity-book/content/             
 Join the Serenity Community on Gitter: https://gitter.im/serenity-bdd/serenity-core 
 Serenity BDD Support and Training at http://serenity-bdd.info/#/trainingandsupport  
 Learn Serenity BDD online at https://www.serenitydojo.net                           
-------------------------------------------------------------------------------------

Feature from file:///C:/Users/mpardmay/Downloads/ApiTesting/src/test/resources/features/freeToGame.feature
Feature from file:///C:/Users/mpardmay/Downloads/ApiTesting/src/test/resources/features/freeToGame.feature
18:03:58.399 [main] &amp#27;[34mINFO &amp#27;[0;39m com.everis.base.freeToGameService -  Inicializa el constructor request 
18:03:58.918 [main] &amp#27;[34mINFO &amp#27;[0;39m com.everis.base.freeToGameService -  Inicializa el constructor response 
18:03:58.990 [main] &amp#27;[34mINFO &amp#27;[0;39m com.everis.base.ServicioCore - i init
18:03:59.525 [main] &amp#27;[34mINFO &amp#27;[0;39m com.everis.base.ServicioCore - f init
18:03:59.528 [main] &amp#27;[34mINFO &amp#27;[0;39m com.everis.base.Hooks.Hooks - @@@@@@@@@@@@@@@@@@@@@@@@@@@@@@@@@@@@@@@@@@@@@@@@@@@@@@@@@@@@@@@@@@@@
18:03:59.891 [main] &amp#27;[34mINFO &amp#27;[0;39m com.everis.base.Hooks.Hooks - @@@@@@@@@@@@@@@@@@@@@@@@@@@@@@@@@@@@@@@@@@@@@@@@@@@@@@@@@@@@@@@@@@@@
18:04:01.157 [main] &amp#27;[34mINFO &amp#27;[0;39m com.everis.base.Hooks.Hooks - @@@@@@@@@@@@@@@@@@@@@@@@@@@@@@@@@@@@@@@@@@@@@@@@@@@@@@@@@@@@@@@@@@@@
]]></system-out>
  </testcase>
  <testcase name="Consulta fallida de juegos seleccionados por plataforma y categoria" classname="Consulta de juegos por plataforma y categoria" time="0.073">
    <error type="java.lang.NullPointerException"><![CDATA[java.lang.NullPointerException
]]></error>
    <system-out><![CDATA[18:04:01.281 [main] &amp#27;[1;31mERROR&amp#27;[0;39m  - 
         __  _____ _____ ____ _____   _____ ____  ____   ___  ____  
 _      / / |_   _| ____/ ___|_   _| | ____|  _ \|  _ \ / _ \|  _ \ 
(_)____| |    | | |  _| \___ \ | |   |  _| | |_) | |_) | | | | |_) |
 |_____| |    | | | |___ ___) || |   | |___|  _ <|  _ <| |_| |  _ < 
(_)    | |    |_| |_____|____/ |_|   |_____|_| \_\_| \_\\___/|_| \_\
        \_\                                                         

Consulta exitosa de juegos seleccionados por plataforma y categoria
---------------------------------------------------------------------
18:04:01.379 [main] &amp#27;[1;31mERROR&amp#27;[0;39m  -     Test failed at step: Validate status code: 200
18:04:01.380 [main] &amp#27;[1;31mERROR&amp#27;[0;39m  -     
Feature from file:///C:/Users/mpardmay/Downloads/ApiTesting/src/test/resources/features/freeToGame.feature
18:04:01.437 [main] &amp#27;[34mINFO &amp#27;[0;39m com.everis.base.freeToGameService -  Inicializa el constructor request 
18:04:01.437 [main] &amp#27;[34mINFO &amp#27;[0;39m com.everis.base.freeToGameService -  Inicializa el constructor response 
18:04:01.440 [main] &amp#27;[34mINFO &amp#27;[0;39m com.everis.base.ServicioCore - i init
18:04:01.441 [main] &amp#27;[34mINFO &amp#27;[0;39m com.everis.base.ServicioCore - f init
18:04:01.442 [main] &amp#27;[34mINFO &amp#27;[0;39m com.everis.base.Hooks.Hooks - @@@@@@@@@@@@@@@@@@@@@@@@@@@@@@@@@@@@@@@@@@@@@@@@@@@@@@@@@@@@@@@@@@@@
18:04:01.449 [main] &amp#27;[34mINFO &amp#27;[0;39m com.everis.base.Hooks.Hooks - @@@@@@@@@@@@@@@@@@@@@@@@@@@@@@@@@@@@@@@@@@@@@@@@@@@@@@@@@@@@@@@@@@@@
18:04:01.465 [main] &amp#27;[34mINFO &amp#27;[0;39m com.everis.base.Hooks.Hooks - @@@@@@@@@@@@@@@@@@@@@@@@@@@@@@@@@@@@@@@@@@@@@@@@@@@@@@@@@@@@@@@@@@@@
]]></system-out>
  </testcase>
</testsuite>